2022-08-18-14:53:08 INFO  driver loaded successfully
2022-08-18-14:53:08 INFO  Website loaded successfully
2022-08-18-16:14:02 INFO  driver loaded successfully
2022-08-18-16:14:02 INFO  ************* Report configuration ********************
2022-08-18-16:14:03 INFO  Website loaded successfully
2022-08-18-16:14:04 INFO  ************* Report configuration ********************
2022-08-18-17:43:50 INFO  ************* Report extent configuration ********************
2022-08-18-17:43:50 INFO  ************* Report extent configuration: Done ********************
2022-08-18-17:43:56 INFO  ************* Report extent configuration ********************
2022-08-18-17:43:56 INFO  ************* Report extent configuration: Done ********************
2022-08-18-17:43:57 INFO  Website loaded successfully
2022-08-18-17:43:58 INFO  ************* Report extent configuration ********************
2022-08-18-17:43:58 INFO  ************* Report extent configuration: Done ********************
2022-08-18-18:08:53 INFO  ************* Report extent configuration ********************
2022-08-18-18:08:53 INFO  ************* Report extent configuration: Done ********************
2022-08-18-18:08:57 INFO  ************* Report extent configuration ********************
2022-08-18-18:08:57 INFO  ************* Report extent configuration: Done ********************
2022-08-18-18:08:57 INFO  Website loaded successfully
2022-08-18-18:08:59 INFO  ************* Report extent configuration ********************
2022-08-18-18:08:59 INFO  ************* Report extent configuration: Done ********************
2022-08-18-18:11:01 INFO  ************* Report extent configuration ********************
2022-08-18-18:11:01 INFO  ************* Report extent configuration: Done ********************
2022-08-18-18:11:03 INFO  ************* Report extent configuration ********************
2022-08-18-18:11:03 INFO  ************* Report extent configuration: Done ********************
2022-08-18-18:11:04 INFO  Website loaded successfully
2022-08-18-18:11:05 INFO  ************* Report extent configuration ********************
2022-08-18-18:11:05 INFO  ************* Report extent configuration: Done ********************
2022-08-19-13:47:25 INFO  ************* Report extent configuration ********************
2022-08-19-13:47:26 INFO  ************* Report extent configuration: Done ********************
2022-08-19-13:48:37 INFO  ************* Report extent configuration ********************
2022-08-19-13:48:37 INFO  ************* Report extent configuration: Done ********************
2022-08-19-13:49:21 INFO  ************* Report extent configuration ********************
2022-08-19-13:49:22 INFO  ************* Report extent configuration: Done ********************
2022-08-19-13:49:23 INFO  Website loaded successfully
2022-08-19-13:49:35 INFO  ************* Report extent configuration ********************
2022-08-19-13:49:35 INFO  ************* Report extent configuration: Done ********************
2022-08-19-13:49:48 INFO  ************* Report extent configuration ********************
2022-08-19-13:49:48 INFO  ************* Report extent configuration: Done ********************
2022-08-19-13:49:52 INFO  ************* Report extent configuration ********************
2022-08-19-13:49:52 INFO  ************* Report extent configuration: Done ********************
2022-08-19-13:49:52 INFO  Website loaded successfully
2022-08-19-13:49:53 INFO  ************* Report extent configuration ********************
2022-08-19-13:49:53 INFO  ************* Report extent configuration: Done ********************
2022-08-19-14:00:23 INFO  ************* Report extent configuration ********************
2022-08-19-14:00:23 INFO  ************* Report extent configuration: Done ********************
2022-08-19-14:00:26 INFO  ************* Report extent configuration ********************
2022-08-19-14:00:26 INFO  ************* Report extent configuration: Done ********************
2022-08-19-14:00:27 INFO  Website loaded successfully
2022-08-19-14:00:28 INFO  ************* Report extent configuration ********************
2022-08-19-14:00:28 INFO  ************* Report extent configuration: Done ********************
2022-08-19-14:00:29 INFO  Screenshot captured
